<?xml version="1.0" encoding="UTF-8"?>
<testsuite xmlns:xsi="http://www.w3.org/2001/XMLSchema-instance" xsi:noNamespaceSchemaLocation="https://maven.apache.org/surefire/maven-surefire-plugin/xsd/surefire-test-report-3.0.xsd" version="3.0" name="com.example.EurekaServerApplicationTests" time="7.057" tests="1" errors="0" skipped="0" failures="0">
  <properties>
[...]
</properties>
  <testcase name="contextLoads" classname="com.example.EurekaServerApplicationTests" time="1.477">
    <system-out><![CDATA[23:24:47.745 [main] INFO org.springframework.test.context.support.AnnotationConfigContextLoaderUtils -- Could not detect default configuration classes for test class [com.example.EurekaServerApplicationTests]: EurekaServerApplicationTests does not declare any static, non-private, non-final, nested classes annotated with @Configuration.
23:24:47.875 [main] INFO org.springframework.boot.test.context.SpringBootTestContextBootstrapper -- Found @SpringBootConfiguration com.example.EurekaServerApplication for test class com.example.EurekaServerApplicationTests

  .   ____          _            __ _ _
 /\\ / ___'_ __ _ _(_)_ __  __ _ \ \ \ \
( ( )\___ | '_ | '_| | '_ \/ _` | \ \ \ \
 \\/  ___)| |_)| | | | | || (_| |  ) ) ) )
  '  |____| .__|_| |_|_| |_\__, | / / / /
 =========|_|==============|___/=/_/_/_/
 :: Spring Boot ::                (v3.1.2)

2024-10-13T23:24:48.780+08:00  INFO 6752 --- [           main] c.example.EurekaServerApplicationTests   : Starting EurekaServerApplicationTests using Java 17.0.11 with PID 6752 (started by User in D:\SRC_HOME\eureka-server)
2024-10-13T23:24:48.782+08:00  INFO 6752 --- [           main] c.example.EurekaServerApplicationTests   : No active profile set, falling back to 1 default profile: "default"
2024-10-13T23:24:50.257+08:00  INFO 6752 --- [           main] o.s.cloud.context.scope.GenericScope     : BeanFactory id=8fc12d22-c517-3fba-8e0c-6d20246eb917
2024-10-13T23:24:52.303+08:00  WARN 6752 --- [           main] iguration$LoadBalancerCaffeineWarnLogger : Spring Cloud LoadBalancer is currently working with the default cache. While this cache implementation is useful for development and tests, it's recommended to use Caffeine cache in production.You can switch to using Caffeine cache, by adding it and org.springframework.cache.caffeine.CaffeineCacheManager to the classpath.
2024-10-13T23:24:52.555+08:00  INFO 6752 --- [           main] o.s.c.n.eureka.InstanceInfoFactory       : Setting initial instance status as: STARTING
2024-10-13T23:24:52.614+08:00  INFO 6752 --- [           main] com.netflix.discovery.DiscoveryClient    : Initializing Eureka in region us-east-1
2024-10-13T23:24:52.616+08:00  INFO 6752 --- [           main] com.netflix.discovery.DiscoveryClient    : Client configured to neither register nor query for data.
2024-10-13T23:24:52.635+08:00  INFO 6752 --- [           main] com.netflix.discovery.DiscoveryClient    : Discovery Client initialized at timestamp 1728833092633 with initial instances count: 0
2024-10-13T23:24:52.706+08:00  INFO 6752 --- [           main] c.n.eureka.DefaultEurekaServerContext    : Initializing ...
2024-10-13T23:24:52.709+08:00  WARN 6752 --- [           main] c.n.eureka.cluster.PeerEurekaNodes       : The replica size seems to be empty. Check the route 53 DNS Registry
2024-10-13T23:24:52.776+08:00  INFO 6752 --- [           main] c.n.e.registry.AbstractInstanceRegistry  : Finished initializing remote region registries. All known remote regions: []
2024-10-13T23:24:52.777+08:00  INFO 6752 --- [           main] c.n.eureka.DefaultEurekaServerContext    : Initialized
2024-10-13T23:24:52.970+08:00  INFO 6752 --- [           main] o.s.b.a.e.web.EndpointLinksResolver      : Exposing 1 endpoint(s) beneath base path '/actuator'
2024-10-13T23:24:53.024+08:00  INFO 6752 --- [           main] o.s.c.n.e.s.EurekaServiceRegistry        : Registering application UNKNOWN with eureka with status UP
2024-10-13T23:24:53.037+08:00  INFO 6752 --- [      Thread-10] o.s.c.n.e.server.EurekaServerBootstrap   : isAws returned false
2024-10-13T23:24:53.038+08:00  INFO 6752 --- [      Thread-10] o.s.c.n.e.server.EurekaServerBootstrap   : Initialized server context
2024-10-13T23:24:53.038+08:00  INFO 6752 --- [      Thread-10] c.n.e.r.PeerAwareInstanceRegistryImpl    : Got 1 instances from neighboring DS node
2024-10-13T23:24:53.039+08:00  INFO 6752 --- [      Thread-10] c.n.e.r.PeerAwareInstanceRegistryImpl    : Renew threshold is: 1
2024-10-13T23:24:53.039+08:00  INFO 6752 --- [      Thread-10] c.n.e.r.PeerAwareInstanceRegistryImpl    : Changing status to UP
2024-10-13T23:24:53.043+08:00  INFO 6752 --- [           main] c.example.EurekaServerApplicationTests   : Started EurekaServerApplicationTests in 4.934 seconds (process running for 6.885)
2024-10-13T23:24:53.050+08:00  INFO 6752 --- [      Thread-10] e.s.EurekaServerInitializerConfiguration : Started Eureka Server
]]></system-out>
  </testcase>
</testsuite>